21:02:17.955 [main] INFO  c.d.navigator.config.Config$ - Loading Navigator config file from /tmp/extra-dir-65169424273947/ui-backend.conf 
21:02:19.948 [da-ui-backend-akka.actor.default-dispatcher-5] INFO  akka.event.slf4j.Slf4jLogger - Slf4jLogger started 
21:02:20.054 [da-ui-backend-akka.actor.default-dispatcher-11] INFO  c.d.n.store.platform.PlatformStore - Connecting to localhost:9000, using a plaintext connection akkaAddress=akka://da-ui-backend, sourceThread=da-ui-backend-akka.actor.default-dispatcher-5, akkaSource=akka://da-ui-backend/user/$a, sourceActorSystem=da-ui-backend, akkaTimestamp=18:02:20.051UTC
21:02:20.636 [main] INFO  c.d.navigator.NavigatorBackend$ - DA UI backend server listening on port 4000 
21:02:20.691 [da-ui-backend-akka.actor.default-dispatcher-11] INFO  c.d.n.store.platform.PlatformStore - Time service is not implemented akkaAddress=akka://da-ui-backend, sourceThread=scala-execution-context-global-11, akkaSource=akka://da-ui-backend/user/$a, sourceActorSystem=da-ui-backend, akkaTimestamp=18:02:20.691UTC
21:02:20.695 [da-ui-backend-akka.actor.default-dispatcher-5] INFO  c.d.n.store.platform.PlatformStore - Connected to platform at 'localhost:9000' akkaAddress=akka://da-ui-backend, sourceThread=scala-execution-context-global-13, akkaSource=akka://da-ui-backend/user/$a, sourceActorSystem=da-ui-backend, akkaTimestamp=18:02:20.694UTC
21:02:21.399 [da-ui-backend-akka.actor.default-dispatcher-11] INFO  c.d.n.s.platform.PlatformSubscriber - Successfully loaded packages [41779b45a2f8e90e4a6f149d4b4da14c7a0de4bc2b44be8edbaef3c7b6e2d568, c1f1f00558799eec139fb4f4c76f95fb52fa1837a5dd29600baa1c8ed1bdccfd, 733e38d36a2759688a4b2c4cec69d48e7b55ecc8dedc8067b815926c917a182a, bfcd37bd6b84768e86e432f5f6c33e25d9e7724a9d42e33875ff74f6348e733f, 518032f41fd0175461b35ae0c9691e08b4aea55e62915f8360af2cc7a1f2ba6c, cc348d369011362a5190fe96dd1f0dfbc697fdfd10e382b9e9666f0da05961b7, 2f2514f54eae6f705f74fefe9c615a882f67d0367337a00ab16cae32a266a71c, 6839a6d3d430c569b2425e9391717b44ca324b88ba621d597778811b2d05031d, 99a2705ed38c1c26cbb8fe7acf36bbf626668e167a33335de932599219e0a235, 76bf0fd12bd945762a01f8fc5bbcdfa4d0ff20f8762af490f8f41d6237c6524f, e22bce619ae24ca3b8e6519281cb5a33b64b3190cc763248b4c3f9ad5087a92c, d58cf9939847921b2aab78eaa7b427dc4c649d25e6bee3c749ace4c3f52f5c97, 6c2c0667393c5f92f1885163068cd31800d2264eb088eb6fc740e11241b2bf06, d14e08374fc7197d6a0de468c968ae8ba3aadbf9315476fd39071831f5923662, 057eed1fd48c238491b8ea06b9b5bf85a5d4c9275dd3f6183e0e6b01730cc2ba, e491352788e56ca4603acc411ffe1a49fefd76ed8b163af86cf5ee5f4c38645b, 40f452260bef3f29dede136108fc08a88d5a5250310281067087da6f0baddff7, 8a7806365bbd98d88b4c13832ebfa305f6abaeaf32cfa2b7dd25c4fa489b79fb, 9707b0b854495f8df3493322e5228fa67c763b3a7dd8bd5c8951c769de11c2fa] akkaAddress=akka://da-ui-backend, sourceThread=da-ui-backend-akka.actor.default-dispatcher-8, akkaSource=akka://da-ui-backend/user/$a/party-User1, sourceActorSystem=da-ui-backend, akkaTimestamp=18:02:21.399UTC
21:02:21.399 [da-ui-backend-akka.actor.default-dispatcher-11] INFO  c.d.n.s.platform.PlatformSubscriber - Successfully loaded packages [41779b45a2f8e90e4a6f149d4b4da14c7a0de4bc2b44be8edbaef3c7b6e2d568, c1f1f00558799eec139fb4f4c76f95fb52fa1837a5dd29600baa1c8ed1bdccfd, 733e38d36a2759688a4b2c4cec69d48e7b55ecc8dedc8067b815926c917a182a, bfcd37bd6b84768e86e432f5f6c33e25d9e7724a9d42e33875ff74f6348e733f, 518032f41fd0175461b35ae0c9691e08b4aea55e62915f8360af2cc7a1f2ba6c, cc348d369011362a5190fe96dd1f0dfbc697fdfd10e382b9e9666f0da05961b7, 2f2514f54eae6f705f74fefe9c615a882f67d0367337a00ab16cae32a266a71c, 6839a6d3d430c569b2425e9391717b44ca324b88ba621d597778811b2d05031d, 99a2705ed38c1c26cbb8fe7acf36bbf626668e167a33335de932599219e0a235, 76bf0fd12bd945762a01f8fc5bbcdfa4d0ff20f8762af490f8f41d6237c6524f, e22bce619ae24ca3b8e6519281cb5a33b64b3190cc763248b4c3f9ad5087a92c, d58cf9939847921b2aab78eaa7b427dc4c649d25e6bee3c749ace4c3f52f5c97, 6c2c0667393c5f92f1885163068cd31800d2264eb088eb6fc740e11241b2bf06, d14e08374fc7197d6a0de468c968ae8ba3aadbf9315476fd39071831f5923662, 057eed1fd48c238491b8ea06b9b5bf85a5d4c9275dd3f6183e0e6b01730cc2ba, e491352788e56ca4603acc411ffe1a49fefd76ed8b163af86cf5ee5f4c38645b, 40f452260bef3f29dede136108fc08a88d5a5250310281067087da6f0baddff7, 8a7806365bbd98d88b4c13832ebfa305f6abaeaf32cfa2b7dd25c4fa489b79fb, 9707b0b854495f8df3493322e5228fa67c763b3a7dd8bd5c8951c769de11c2fa] akkaAddress=akka://da-ui-backend, sourceThread=da-ui-backend-akka.actor.default-dispatcher-5, akkaSource=akka://da-ui-backend/user/$a/party-Admin, sourceActorSystem=da-ui-backend, akkaTimestamp=18:02:21.399UTC
21:58:48.243 [da-ui-backend-akka.actor.default-dispatcher-204] WARN  c.d.l.c.s.c.CommandTrackerFlow$ - Completion Stream failed with an error. Trying to recover in 1 second .. 
io.grpc.StatusRuntimeException: UNAVAILABLE: Channel shutdownNow invoked
	at io.grpc.Status.asRuntimeException(Status.java:533)
	at io.grpc.stub.ClientCalls$StreamObserverToCallListenerAdapter.onClose(ClientCalls.java:442)
	at io.grpc.PartialForwardingClientCallListener.onClose(PartialForwardingClientCallListener.java:39)
	at io.grpc.ForwardingClientCallListener.onClose(ForwardingClientCallListener.java:23)
	at io.grpc.ForwardingClientCallListener$SimpleForwardingClientCallListener.onClose(ForwardingClientCallListener.java:40)
	at io.grpc.internal.CensusStatsModule$StatsClientInterceptor$1$1.onClose(CensusStatsModule.java:700)
	at io.grpc.PartialForwardingClientCallListener.onClose(PartialForwardingClientCallListener.java:39)
	at io.grpc.ForwardingClientCallListener.onClose(ForwardingClientCallListener.java:23)
	at io.grpc.ForwardingClientCallListener$SimpleForwardingClientCallListener.onClose(ForwardingClientCallListener.java:40)
	at io.grpc.internal.CensusTracingModule$TracingClientInterceptor$1$1.onClose(CensusTracingModule.java:399)
	at io.grpc.internal.ClientCallImpl.closeObserver(ClientCallImpl.java:507)
	at io.grpc.internal.ClientCallImpl.access$300(ClientCallImpl.java:66)
	at io.grpc.internal.ClientCallImpl$ClientStreamListenerImpl.close(ClientCallImpl.java:627)
	at io.grpc.internal.ClientCallImpl$ClientStreamListenerImpl.access$700(ClientCallImpl.java:515)
	at io.grpc.internal.ClientCallImpl$ClientStreamListenerImpl$1StreamClosed.runInternal(ClientCallImpl.java:686)
	at io.grpc.internal.ClientCallImpl$ClientStreamListenerImpl$1StreamClosed.runInContext(ClientCallImpl.java:675)
	at io.grpc.internal.ContextRunnable.run(ContextRunnable.java:37)
	at io.grpc.internal.SerializingExecutor.run(SerializingExecutor.java:123)
	at java.util.concurrent.ThreadPoolExecutor.runWorker(ThreadPoolExecutor.java:1149)
	at java.util.concurrent.ThreadPoolExecutor$Worker.run(ThreadPoolExecutor.java:624)
	at java.lang.Thread.run(Thread.java:748)
21:58:48.243 [da-ui-backend-akka.actor.default-dispatcher-198] WARN  c.d.l.c.s.c.CommandTrackerFlow$ - Completion Stream failed with an error. Trying to recover in 1 second .. 
io.grpc.StatusRuntimeException: UNAVAILABLE: Channel shutdownNow invoked
	at io.grpc.Status.asRuntimeException(Status.java:533)
	at io.grpc.stub.ClientCalls$StreamObserverToCallListenerAdapter.onClose(ClientCalls.java:442)
	at io.grpc.PartialForwardingClientCallListener.onClose(PartialForwardingClientCallListener.java:39)
	at io.grpc.ForwardingClientCallListener.onClose(ForwardingClientCallListener.java:23)
	at io.grpc.ForwardingClientCallListener$SimpleForwardingClientCallListener.onClose(ForwardingClientCallListener.java:40)
	at io.grpc.internal.CensusStatsModule$StatsClientInterceptor$1$1.onClose(CensusStatsModule.java:700)
	at io.grpc.PartialForwardingClientCallListener.onClose(PartialForwardingClientCallListener.java:39)
	at io.grpc.ForwardingClientCallListener.onClose(ForwardingClientCallListener.java:23)
	at io.grpc.ForwardingClientCallListener$SimpleForwardingClientCallListener.onClose(ForwardingClientCallListener.java:40)
	at io.grpc.internal.CensusTracingModule$TracingClientInterceptor$1$1.onClose(CensusTracingModule.java:399)
	at io.grpc.internal.ClientCallImpl.closeObserver(ClientCallImpl.java:507)
	at io.grpc.internal.ClientCallImpl.access$300(ClientCallImpl.java:66)
	at io.grpc.internal.ClientCallImpl$ClientStreamListenerImpl.close(ClientCallImpl.java:627)
	at io.grpc.internal.ClientCallImpl$ClientStreamListenerImpl.access$700(ClientCallImpl.java:515)
	at io.grpc.internal.ClientCallImpl$ClientStreamListenerImpl$1StreamClosed.runInternal(ClientCallImpl.java:686)
	at io.grpc.internal.ClientCallImpl$ClientStreamListenerImpl$1StreamClosed.runInContext(ClientCallImpl.java:675)
	at io.grpc.internal.ContextRunnable.run(ContextRunnable.java:37)
	at io.grpc.internal.SerializingExecutor.run(SerializingExecutor.java:123)
	at java.util.concurrent.ThreadPoolExecutor.runWorker(ThreadPoolExecutor.java:1149)
	at java.util.concurrent.ThreadPoolExecutor$Worker.run(ThreadPoolExecutor.java:624)
	at java.lang.Thread.run(Thread.java:748)
21:58:48.246 [da-ui-backend-akka.actor.default-dispatcher-201] ERROR akka.stream.Materializer - [completion at client] Upstream failed. akkaAddress=akka://da-ui-backend, sourceThread=da-ui-backend-akka.actor.default-dispatcher-198, akkaSource=akka.stream.Log(akka://da-ui-backend/system/Materializers/StreamSupervisor-4), sourceActorSystem=da-ui-backend, akkaTimestamp=18:58:48.236UTC
io.grpc.StatusRuntimeException: UNAVAILABLE: Channel shutdownNow invoked
	at io.grpc.Status.asRuntimeException(Status.java:533)
	at io.grpc.stub.ClientCalls$StreamObserverToCallListenerAdapter.onClose(ClientCalls.java:442)
	at io.grpc.PartialForwardingClientCallListener.onClose(PartialForwardingClientCallListener.java:39)
	at io.grpc.ForwardingClientCallListener.onClose(ForwardingClientCallListener.java:23)
	at io.grpc.ForwardingClientCallListener$SimpleForwardingClientCallListener.onClose(ForwardingClientCallListener.java:40)
	at io.grpc.internal.CensusStatsModule$StatsClientInterceptor$1$1.onClose(CensusStatsModule.java:700)
	at io.grpc.PartialForwardingClientCallListener.onClose(PartialForwardingClientCallListener.java:39)
	at io.grpc.ForwardingClientCallListener.onClose(ForwardingClientCallListener.java:23)
	at io.grpc.ForwardingClientCallListener$SimpleForwardingClientCallListener.onClose(ForwardingClientCallListener.java:40)
	at io.grpc.internal.CensusTracingModule$TracingClientInterceptor$1$1.onClose(CensusTracingModule.java:399)
	at io.grpc.internal.ClientCallImpl.closeObserver(ClientCallImpl.java:507)
	at io.grpc.internal.ClientCallImpl.access$300(ClientCallImpl.java:66)
	at io.grpc.internal.ClientCallImpl$ClientStreamListenerImpl.close(ClientCallImpl.java:627)
	at io.grpc.internal.ClientCallImpl$ClientStreamListenerImpl.access$700(ClientCallImpl.java:515)
	at io.grpc.internal.ClientCallImpl$ClientStreamListenerImpl$1StreamClosed.runInternal(ClientCallImpl.java:686)
	at io.grpc.internal.ClientCallImpl$ClientStreamListenerImpl$1StreamClosed.runInContext(ClientCallImpl.java:675)
	at io.grpc.internal.ContextRunnable.run(ContextRunnable.java:37)
	at io.grpc.internal.SerializingExecutor.run(SerializingExecutor.java:123)
	at java.util.concurrent.ThreadPoolExecutor.runWorker(ThreadPoolExecutor.java:1149)
	at java.util.concurrent.ThreadPoolExecutor$Worker.run(ThreadPoolExecutor.java:624)
	at java.lang.Thread.run(Thread.java:748)
